TN:
SF:/home/davew/Code/_private/katas/packages/bank-account/src/account.ts
FN:3,(anonymous_0)
FN:4,Account
FN:6,(anonymous_2)
FN:8,(anonymous_3)
FN:10,(anonymous_4)
FNF:5
FNH:4
FNDA:2,(anonymous_0)
FNDA:2,Account
FNDA:3,(anonymous_2)
FNDA:1,(anonymous_3)
FNDA:0,(anonymous_4)
DA:1,2
DA:3,2
DA:4,3
DA:6,2
DA:8,2
DA:10,2
DA:11,2
LF:7
LH:7
BRDA:4,0,0,1
BRDA:4,0,1,1
BRF:2
BRH:2
end_of_record
TN:
SF:/home/davew/Code/_private/katas/packages/bank-account/src/not-implemented-error.ts
FN:1,(anonymous_0)
FNF:1
FNH:0
FNDA:0,(anonymous_0)
DA:1,0
LF:1
LH:0
BRF:0
BRH:0
end_of_record
TN:
SF:/home/davew/Code/_private/katas/packages/bank-account/src/printer.ts
FN:3,(anonymous_0)
FN:4,(anonymous_2)
FNF:2
FNH:0
FNDA:0,(anonymous_0)
FNDA:0,(anonymous_2)
DA:1,0
DA:3,0
DA:4,0
DA:5,0
DA:7,0
LF:5
LH:0
BRF:0
BRH:0
end_of_record
TN:
SF:/home/davew/Code/_private/katas/packages/bank-account/src/transaction-repository.ts
FN:3,(anonymous_0)
FN:4,(anonymous_2)
FNF:2
FNH:1
FNDA:3,(anonymous_0)
FNDA:0,(anonymous_2)
DA:3,2
DA:4,2
DA:5,2
LF:3
LH:3
BRF:0
BRH:0
end_of_record
