TN:
SF:/home/davew/Code/_private/katas/packages/bank-account/src/account.ts
FN:5,(anonymous_0)
FN:6,Account
FN:11,(anonymous_2)
FN:15,(anonymous_3)
FN:19,(anonymous_4)
FNF:5
FNH:5
FNDA:2,(anonymous_0)
FNDA:4,Account
FNDA:3,(anonymous_2)
FNDA:2,(anonymous_3)
FNDA:2,(anonymous_4)
DA:1,2
DA:2,2
DA:3,2
DA:5,2
DA:7,4
DA:8,4
DA:11,2
DA:12,3
DA:15,2
DA:16,2
DA:19,2
DA:20,2
DA:22,2
LF:13
LH:13
BRDA:7,0,0,0
BRDA:7,0,1,4
BRDA:8,1,0,0
BRDA:8,1,1,4
BRF:4
BRH:2
end_of_record
TN:
SF:/home/davew/Code/_private/katas/packages/bank-account/src/console-printer.ts
FN:3,(anonymous_0)
FN:4,(anonymous_2)
FNF:2
FNH:1
FNDA:3,(anonymous_0)
FNDA:0,(anonymous_2)
DA:1,3
DA:3,3
DA:4,3
DA:5,0
DA:7,3
LF:5
LH:4
BRF:0
BRH:0
end_of_record
TN:
SF:/home/davew/Code/_private/katas/packages/bank-account/src/date-provider.ts
FN:3,(anonymous_0)
FN:4,(anonymous_2)
FNF:2
FNH:2
FNDA:5,(anonymous_0)
FNDA:3,(anonymous_2)
DA:3,4
DA:4,4
DA:5,3
DA:7,4
LF:4
LH:4
BRF:0
BRH:0
end_of_record
TN:
SF:/home/davew/Code/_private/katas/packages/bank-account/src/not-implemented-error.ts
FN:1,(anonymous_6)
FN:2,NotImplementedError
FNF:2
FNH:1
FNDA:3,(anonymous_6)
FNDA:0,NotImplementedError
DA:1,3
DA:3,0
DA:5,3
LF:3
LH:2
BRDA:3,0,0,0
BRDA:3,0,1,0
BRF:2
BRH:0
end_of_record
TN:
SF:/home/davew/Code/_private/katas/packages/bank-account/src/statement-printer.ts
FN:9,(anonymous_0)
FN:10,StatementPrinterImpl
FN:12,(anonymous_2)
FN:14,(anonymous_3)
FNF:4
FNH:4
FNDA:3,(anonymous_0)
FNDA:2,StatementPrinterImpl
FNDA:2,(anonymous_2)
FNDA:3,(anonymous_3)
DA:1,3
DA:9,3
DA:10,2
DA:12,3
DA:13,2
DA:14,3
DA:16,3
LF:7
LH:7
BRDA:10,0,0,0
BRDA:10,0,1,2
BRDA:14,1,0,2
BRDA:14,1,1,1
BRF:4
BRH:3
end_of_record
TN:
SF:/home/davew/Code/_private/katas/packages/bank-account/src/transaction-repository.ts
FN:9,(anonymous_1)
FN:12,MemoryTransactionRepository
FN:14,(anonymous_3)
FN:18,(anonymous_4)
FNF:4
FNH:4
FNDA:3,(anonymous_1)
FNDA:2,MemoryTransactionRepository
FNDA:4,(anonymous_3)
FNDA:2,(anonymous_4)
DA:2,3
DA:9,3
DA:10,2
DA:12,2
DA:14,3
DA:15,4
DA:18,3
DA:19,2
DA:21,3
LF:9
LH:9
BRDA:12,0,0,0
BRDA:12,0,1,2
BRF:2
BRH:1
end_of_record
TN:
SF:/home/davew/Code/_private/katas/packages/bank-account/src/transaction-verifier.ts
FN:10,(anonymous_2)
FN:11,DatedTransactionVerifier
FN:13,(anonymous_4)
FNF:3
FNH:3
FNDA:4,(anonymous_2)
FNDA:2,DatedTransactionVerifier
FNDA:4,(anonymous_4)
DA:1,4
DA:10,4
DA:11,3
DA:13,4
DA:14,4
DA:16,4
LF:6
LH:6
BRDA:11,0,0,1
BRDA:11,0,1,1
BRF:2
BRH:2
end_of_record
